<?xml version="1.0" encoding="UTF-8"?>
<!-- Generated by org.testng.reporters.JUnitXMLReporter -->
<testsuite ignored="0" hostname="Laptop-OBS-123" failures="0" tests="6" name="Default test" time="14.087" errors="0" timestamp="2023-05-02T11:00:19 IST">
  <testcase classname="api.test.GuideLineTest" name="keyGeneration" time="7.053"/>
  <testcase classname="api.test.GuideLineTest" name="toCreateGuideLine" time="1.166"/>
  <testcase classname="api.test.GuideLineTest" name="toViewAllGuideLine" time="1.024"/>
  <testcase classname="api.test.GuideLineTest" name="toEditGuideLine" time="1.055"/>
  <testcase classname="api.test.GuideLineTest" name="toDeleteGuideLine" time="0.95"/>
  <testcase classname="api.test.GuideLineTest" name="toEditUser" time="1.801"/>
</testsuite> <!-- Default test -->
